0 info it worked if it ends with ok
1 verbose cli [ 'C:\\Program Files\\nodejs\\node.exe',
1 verbose cli   'C:\\Users\\ravik\\AppData\\Roaming\\npm\\node_modules\\npm\\bin\\npm-cli.js',
1 verbose cli   'run',
1 verbose cli   'lite' ]
2 info using npm@3.9.5
3 info using node@v4.4.5
4 verbose run-script [ 'prelite', 'lite', 'postlite' ]
5 info lifecycle product-management@1.0.0~prelite: product-management@1.0.0
6 silly lifecycle product-management@1.0.0~prelite: no script for prelite, continuing
7 info lifecycle product-management@1.0.0~lite: product-management@1.0.0
8 verbose lifecycle product-management@1.0.0~lite: unsafe-perm in lifecycle true
9 verbose lifecycle product-management@1.0.0~lite: PATH: C:\Users\ravik\AppData\Roaming\npm\node_modules\npm\bin\node-gyp-bin;C:\Users\ravik\Desktop\subbu\Angular2_cart\node_modules\.bin;C:\Program Files\nodejs;C:\Users\ravik\AppData\Roaming\npm\node_modules\npm\bin\node-gyp-bin;C:\Users\ravik\Desktop\subbu\Angular2_cart\node_modules\.bin;C:\Program Files\nodejs;C:\Users\ravik\AppData\Roaming\npm;C:\Program Files\nodejs\;C:\ProgramData\Oracle\Java\javapath;C:\Program Files (x86)\Intel\iCLS Client\;C:\Program Files\Intel\iCLS Client\;C:\WINDOWS\system32;C:\WINDOWS;C:\WINDOWS\System32\Wbem;C:\WINDOWS\System32\WindowsPowerShell\v1.0\;C:\Program Files (x86)\Intel\Intel(R) Management Engine Components\DAL;C:\Program Files\Intel\Intel(R) Management Engine Components\DAL;C:\Program Files (x86)\Intel\Intel(R) Management Engine Components\IPT;C:\Program Files\Intel\Intel(R) Management Engine Components\IPT;C:\Program Files\Intel\WiFi\bin\;C:\Program Files\Common Files\Intel\WirelessCommon\;C:\Program Files\Java\jdk1.8.0_66\bin;C:\Program Files (x86)\MySQL\MySQL Fabric 1.5 & MySQL Utilities 1.5\;C:\Program Files (x86)\MySQL\MySQL Fabric 1.5 & MySQL Utilities 1.5\Doctrine extensions for PHP\;C:\Program Files (x86)\Skype\Phone\;C:\Program Files\Java\jdk1.8.0_66\bin;C:\Program Files (x86)\GtkSharp\2.12\bin;C:\Program Files\nodejs\;C:\Program Files\Git\cmd;C:\Users\ravik\AppData\Local\atom\bin;C:\Users\ravik\AppData\Roaming\npm
10 verbose lifecycle product-management@1.0.0~lite: CWD: C:\Users\ravik\Desktop\subbu\Angular2_cart
11 silly lifecycle product-management@1.0.0~lite: Args: [ '/d /s /c', 'lite-server' ]
12 silly lifecycle product-management@1.0.0~lite: Returned: code: 3  signal: null
13 info lifecycle product-management@1.0.0~lite: Failed to exec lite script
14 verbose stack Error: product-management@1.0.0 lite: `lite-server`
14 verbose stack Exit status 3
14 verbose stack     at EventEmitter.<anonymous> (C:\Users\ravik\AppData\Roaming\npm\node_modules\npm\lib\utils\lifecycle.js:245:16)
14 verbose stack     at emitTwo (events.js:87:13)
14 verbose stack     at EventEmitter.emit (events.js:172:7)
14 verbose stack     at ChildProcess.<anonymous> (C:\Users\ravik\AppData\Roaming\npm\node_modules\npm\lib\utils\spawn.js:24:14)
14 verbose stack     at emitTwo (events.js:87:13)
14 verbose stack     at ChildProcess.emit (events.js:172:7)
14 verbose stack     at maybeClose (internal/child_process.js:827:16)
14 verbose stack     at Process.ChildProcess._handle.onexit (internal/child_process.js:211:5)
15 verbose pkgid product-management@1.0.0
16 verbose cwd C:\Users\ravik\Desktop\subbu\Angular2_cart
17 error Windows_NT 10.0.10586
18 error argv "C:\\Program Files\\nodejs\\node.exe" "C:\\Users\\ravik\\AppData\\Roaming\\npm\\node_modules\\npm\\bin\\npm-cli.js" "run" "lite"
19 error node v4.4.5
20 error npm  v3.9.5
21 error code ELIFECYCLE
22 error product-management@1.0.0 lite: `lite-server`
22 error Exit status 3
23 error Failed at the product-management@1.0.0 lite script 'lite-server'.
23 error Make sure you have the latest version of node.js and npm installed.
23 error If you do, this is most likely a problem with the product-management package,
23 error not with npm itself.
23 error Tell the author that this fails on your system:
23 error     lite-server
23 error You can get information on how to open an issue for this project with:
23 error     npm bugs product-management
23 error Or if that isn't available, you can get their info via:
23 error     npm owner ls product-management
23 error There is likely additional logging output above.
24 verbose exit [ 1, true ]
